<?xml version="1.0" encoding="UTF-8"?>
<!-- Generated by org.testng.reporters.JUnitReportReporter -->
<testsuite hostname="DeepthiBook" failures="0" tests="3" name="com.AmazonApplication.DockerTest_AmazonApplication" time="51.089" errors="0" timestamp="2024-04-22T11:04:54 IST" skipped="0">
  <testcase classname="com.AmazonApplication.DockerTest_AmazonApplication" name="browserTest" time="17.386"/>
  <testcase classname="com.AmazonApplication.DockerTest_AmazonApplication" name="browserTest" time="14.436"/>
  <testcase classname="com.AmazonApplication.DockerTest_AmazonApplication" name="browserTest" time="19.267"/>
</testsuite> <!-- com.AmazonApplication.DockerTest_AmazonApplication -->
