<?xml version="1.0" encoding="UTF-8"?>
<!-- Generated by org.testng.reporters.JUnitReportReporter -->
<testsuite hostname="DeepthiBook" failures="0" tests="3" name="com.AmazonApplication.DockerTest_AmazonApplication" time="49.648" errors="0" timestamp="2024-04-28T19:14:03 IST" skipped="0">
  <testcase classname="com.AmazonApplication.DockerTest_AmazonApplication" name="browserTest" time="18.098"/>
  <testcase classname="com.AmazonApplication.DockerTest_AmazonApplication" name="browserTest" time="17.563"/>
  <testcase classname="com.AmazonApplication.DockerTest_AmazonApplication" name="browserTest" time="13.987"/>
</testsuite> <!-- com.AmazonApplication.DockerTest_AmazonApplication -->
