<?xml version="1.0" encoding="UTF-8"?>
<!-- Generated by org.testng.reporters.JUnitReportReporter -->
<testsuite hostname="DeepthiBook" failures="0" tests="3" name="com.AmazonApplication.DockerTest_AmazonApplication" time="49.153" errors="0" timestamp="2024-04-22T12:51:25 IST" skipped="0">
  <testcase classname="com.AmazonApplication.DockerTest_AmazonApplication" name="browserTest" time="14.438"/>
  <testcase classname="com.AmazonApplication.DockerTest_AmazonApplication" name="browserTest" time="17.503"/>
  <testcase classname="com.AmazonApplication.DockerTest_AmazonApplication" name="browserTest" time="17.212"/>
</testsuite> <!-- com.AmazonApplication.DockerTest_AmazonApplication -->
